<?xml version="1.0" encoding="UTF-8"?>
<!-- Generated by org.testng.reporters.JUnitReportReporter -->
<testsuite hostname="DESKTOP-5SM0HKT" failures="0" tests="6" name="altoromutual.AltoroMutual" time="26.548" errors="0" timestamp="2023-01-07T11:50:45 IST" skipped="0">
  <testcase classname="altoromutual.AltoroMutual" name="login" time="3.215"/>
  <system-out/>
  <testcase classname="altoromutual.AltoroMutual" name="login" time="6.315"/>
  <system-out/>
  <testcase classname="altoromutual.AltoroMutual" name="accountCheck" time="3.556"/>
  <system-out/>
  <testcase classname="altoromutual.AltoroMutual" name="transferFunds" time="3.431"/>
  <system-out/>
  <testcase classname="altoromutual.AltoroMutual" name="transactionDetails" time="1.746"/>
  <system-out/>
  <testcase classname="altoromutual.AltoroMutual" name="signOff" time="8.285"/>
  <system-out/>
</testsuite> <!-- altoromutual.AltoroMutual -->
